<?xml version="1.0" encoding="UTF-8"?>
<testng-results skipped="0" failed="1" ignored="0" total="1" passed="0">
  <reporter-output>
    <line>
      <![CDATA[<div style="display:block;margin-left:10px;"><div  class="teststeppass"><span class="teststeppass-label">T </span>Given i open application</div><div  class="teststeppass"><span class="teststeppass-label">T </span>When user enter preoduct name to search box</div><div style="display:block;margin-left:10px;"><div  class="info"><span class="info-label">I </span>page open <a href="../img/SampleTest_ebnxi26d3jt020258.png" target="_blank">[View Screenshot]</a> </div></div><div  class="teststeppass"><span class="teststeppass-label">T </span>And user able to see all the list of mobiles</div><div style="display:block;margin-left:10px;"><div  class="info"><span class="info-label">I </span>4 <a href="../img/SampleTest_1bwt9z013k39a20259.png" target="_blank">[View Screenshot]</a> </div><div  class="info"><span class="info-label">I </span>Apple iPhone 6 (Space Grey, 32 GB)</div><div  class="info"><span class="info-label">I </span>Apple iPhone 7 (Black, 32 GB)</div><div  class="info"><span class="info-label">I </span>Apple iPhone 5s (Silver, 16 GB)</div><div  class="info"><span class="info-label">I </span>Apple iPhone 7 (Gold, 32 GB)</div></div><div  class="teststepfail"><span class="teststepfail-label">T </span>And user select apple I phone gold <a href="../img/SampleTest_12eh5y1umlql920260.png" target="_blank">[View Screenshot]</a> </div><div style="display:block;margin-left:10px;"><div  class="fail"><span class="fail-label">F </span>Failed to execute command touch swipe: Error parsing function 'touch swipe', 'duration' must be within range: 0 - 10, actual value was '2000'.
Command duration or timeout: 250 milliseconds
Build info: version: '2.53.0', revision: '35ae25b1534ae328c771e0856c93e187490ca824', time: '2016-03-15 10:43:46'
System info: host: 'ICPL11493', ip: '10.11.31.109', os.name: 'Windows 8', os.arch: 'amd64', os.version: '6.2', java.version: '1.8.0_111'
Driver info: io.appium.java_client.android.AndroidDriver
Capabilities [{appPackage=com.flipkart.android, reportPdfUrl=https://partners.reporting.perfectomobile.com/export/api/v1/test-executions/pdf?externalId[0]=is_user2@infostretch.com_RemoteWebDriver_17-08-08_06_44_02_8034&_timestamp[0]=1502174642967, deviceName=3219D3B1, platform=ANY, password=, driverClass=io.appium.java_client.android.AndroidDriver, automationName=Appium, host=partners.perfectomobile.com, singleTestReportUrl=https://partners.reporting.perfectomobile.com?externalId[0]=is_user2@infostretch.com_RemoteWebDriver_17-08-08_06_44_02_8034&_timestamp[0]=1502174642967, takesScreenshot=true, javascriptEnabled=true, platformName=Android, applicationName=Flipkart, rotatable=true, testGridReportUrl=https://partners.reporting.perfectomobile.com?externalId[0]=is_user2@infostretch.com_RemoteWebDriver_17-08-08_06_44_02_8034&_timestamp[0]=1502174642967, entityType=appium_driver, serverConnector=, securityToken=, executionId=is_user2@infostretch.com_RemoteWebDriver_17-08-08_06_44_02_8034, webdriver.remote.sessionid=87a2e045-dc9c-4baa-8d9d-f400b5a22b1f, autoLaunch=true, locationContextEnabled=true, scriptName=RemoteWebDriver, reportKey=is_user2@infostretch.com_RemoteWebDriver_17-08-08_06_44_02_8034, windTunnelReportUrl=https://partners.reporting.perfectomobile.com?externalId[0]=is_user2@infostretch.com_RemoteWebDriver_17-08-08_06_44_02_8034&_timestamp[0]=1502174642967, user=, cssSelectorsEnabled=true, autoAcceptAlerts=true}]
Session ID: 87a2e045-dc9c-4baa-8d9d-f400b5a22b1f</div></div></div>]]>
    </line>
  </reporter-output>
  <suite name="QAS Demo" duration-ms="64196" started-at="2017-08-08T06:44:01Z" finished-at="2017-08-08T06:45:05Z">
    <groups>
      <group name="SMOKE">
        <method signature="scenarios.suite1.bdd.SampleTest()[pri:1000, instance:com.qmetry.qaf.automation.step.client.Scenario@3e8]" name="SampleTest" class="com.qmetry.qaf.automation.step.client.Scenario"/>
      </group> <!-- SMOKE -->
    </groups>
    <test name="BDD Test" duration-ms="64196" started-at="2017-08-08T06:44:01Z" finished-at="2017-08-08T06:45:05Z">
      <class name="com.qmetry.qaf.automation.step.client.Scenario">
        <test-method status="PASS" signature="setupSuit(org.testng.ITestContext)[pri:0, instance:com.qmetry.qaf.automation.step.client.Scenario@3e8]" test-instance-name="SampleTest" name="setupSuit" is-config="true" duration-ms="109" started-at="2017-08-08T12:14:00Z" finished-at="2017-08-08T12:14:01Z">
          <params>
            <param index="0">
              <value>
                <![CDATA[org.testng.TestRunner@57d5872c]]>
              </value>
            </param>
          </params>
          <reporter-output>
          </reporter-output>
        </test-method> <!-- setupSuit -->
        <test-method status="PASS" signature="setupTest(org.testng.ITestContext)[pri:0, instance:com.qmetry.qaf.automation.step.client.Scenario@3e8]" test-instance-name="SampleTest" name="setupTest" is-config="true" duration-ms="0" started-at="2017-08-08T12:14:01Z" finished-at="2017-08-08T12:14:01Z">
          <params>
            <param index="0">
              <value>
                <![CDATA[org.testng.TestRunner@57d5872c]]>
              </value>
            </param>
          </params>
          <reporter-output>
          </reporter-output>
        </test-method> <!-- setupTest -->
        <test-method status="PASS" signature="setup(org.testng.ITestContext)[pri:0, instance:com.qmetry.qaf.automation.step.client.Scenario@3e8]" test-instance-name="SampleTest" name="setup" is-config="true" duration-ms="16" started-at="2017-08-08T12:14:01Z" finished-at="2017-08-08T12:14:01Z">
          <params>
            <param index="0">
              <value>
                <![CDATA[org.testng.TestRunner@57d5872c]]>
              </value>
            </param>
          </params>
          <reporter-output>
          </reporter-output>
        </test-method> <!-- setup -->
        <test-method status="FAIL" signature="SampleTest()[pri:1000, instance:com.qmetry.qaf.automation.step.client.Scenario@3e8]" test-instance-name="SampleTest" name="SampleTest" duration-ms="41569" started-at="2017-08-08T12:14:01Z" description="Sample Test Scenario" finished-at="2017-08-08T12:14:42Z">
          <exception class="org.openqa.selenium.WebDriverException">
            <message>
              <![CDATA[Failed to execute command touch swipe: Error parsing function 'touch swipe', 'duration' must be within range: 0 - 10, actual value was '2000'.
Command duration or timeout: 250 milliseconds
Build info: version: '2.53.0', revision: '35ae25b1534ae328c771e0856c93e187490ca824', time: '2016-03-15 10:43:46'
System info: host: 'ICPL11493', ip: '10.11.31.109', os.name: 'Windows 8', os.arch: 'amd64', os.version: '6.2', java.version: '1.8.0_111'
Driver info: io.appium.java_client.android.AndroidDriver
Capabilities [{appPackage=com.flipkart.android, reportPdfUrl=https://partners.reporting.perfectomobile.com/export/api/v1/test-executions/pdf?externalId[0]=is_user2@infostretch.com_RemoteWebDriver_17-08-08_06_44_02_8034&_timestamp[0]=1502174642967, deviceName=3219D3B1, platform=ANY, password=, driverClass=io.appium.java_client.android.AndroidDriver, automationName=Appium, host=partners.perfectomobile.com, singleTestReportUrl=https://partners.reporting.perfectomobile.com?externalId[0]=is_user2@infostretch.com_RemoteWebDriver_17-08-08_06_44_02_8034&_timestamp[0]=1502174642967, takesScreenshot=true, javascriptEnabled=true, platformName=Android, applicationName=Flipkart, rotatable=true, testGridReportUrl=https://partners.reporting.perfectomobile.com?externalId[0]=is_user2@infostretch.com_RemoteWebDriver_17-08-08_06_44_02_8034&_timestamp[0]=1502174642967, entityType=appium_driver, serverConnector=, securityToken=, executionId=is_user2@infostretch.com_RemoteWebDriver_17-08-08_06_44_02_8034, webdriver.remote.sessionid=87a2e045-dc9c-4baa-8d9d-f400b5a22b1f, autoLaunch=true, locationContextEnabled=true, scriptName=RemoteWebDriver, reportKey=is_user2@infostretch.com_RemoteWebDriver_17-08-08_06_44_02_8034, windTunnelReportUrl=https://partners.reporting.perfectomobile.com?externalId[0]=is_user2@infostretch.com_RemoteWebDriver_17-08-08_06_44_02_8034&_timestamp[0]=1502174642967, user=, cssSelectorsEnabled=true, autoAcceptAlerts=true}]
Session ID: 87a2e045-dc9c-4baa-8d9d-f400b5a22b1f]]>
            </message>
            <full-stacktrace>
              <![CDATA[org.openqa.selenium.WebDriverException: Failed to execute command touch swipe: Error parsing function 'touch swipe', 'duration' must be within range: 0 - 10, actual value was '2000'.
Command duration or timeout: 250 milliseconds
Build info: version: '2.53.0', revision: '35ae25b1534ae328c771e0856c93e187490ca824', time: '2016-03-15 10:43:46'
System info: host: 'ICPL11493', ip: '10.11.31.109', os.name: 'Windows 8', os.arch: 'amd64', os.version: '6.2', java.version: '1.8.0_111'
Driver info: io.appium.java_client.android.AndroidDriver
Capabilities [{appPackage=com.flipkart.android, reportPdfUrl=https://partners.reporting.perfectomobile.com/export/api/v1/test-executions/pdf?externalId[0]=is_user2@infostretch.com_RemoteWebDriver_17-08-08_06_44_02_8034&_timestamp[0]=1502174642967, deviceName=3219D3B1, platform=ANY, password=, driverClass=io.appium.java_client.android.AndroidDriver, automationName=Appium, host=partners.perfectomobile.com, singleTestReportUrl=https://partners.reporting.perfectomobile.com?externalId[0]=is_user2@infostretch.com_RemoteWebDriver_17-08-08_06_44_02_8034&_timestamp[0]=1502174642967, takesScreenshot=true, javascriptEnabled=true, platformName=Android, applicationName=Flipkart, rotatable=true, testGridReportUrl=https://partners.reporting.perfectomobile.com?externalId[0]=is_user2@infostretch.com_RemoteWebDriver_17-08-08_06_44_02_8034&_timestamp[0]=1502174642967, entityType=appium_driver, serverConnector=, securityToken=, executionId=is_user2@infostretch.com_RemoteWebDriver_17-08-08_06_44_02_8034, webdriver.remote.sessionid=87a2e045-dc9c-4baa-8d9d-f400b5a22b1f, autoLaunch=true, locationContextEnabled=true, scriptName=RemoteWebDriver, reportKey=is_user2@infostretch.com_RemoteWebDriver_17-08-08_06_44_02_8034, windTunnelReportUrl=https://partners.reporting.perfectomobile.com?externalId[0]=is_user2@infostretch.com_RemoteWebDriver_17-08-08_06_44_02_8034&_timestamp[0]=1502174642967, user=, cssSelectorsEnabled=true, autoAcceptAlerts=true}]
Session ID: 87a2e045-dc9c-4baa-8d9d-f400b5a22b1f
	at .And user select apple I phone gold(scenarios/suite1.bdd:9)
	at org.openqa.selenium.remote.ErrorHandler.createThrowable(ErrorHandler.java:206)
	at org.openqa.selenium.remote.ErrorHandler.throwIfResponseFailed(ErrorHandler.java:158)
	at org.openqa.selenium.remote.RemoteWebDriver.execute(RemoteWebDriver.java:678)
	at io.appium.java_client.DefaultGenericMobileDriver.execute(DefaultGenericMobileDriver.java:42)
	at io.appium.java_client.AppiumDriver.execute(AppiumDriver.java:1)
	at io.appium.java_client.android.AndroidDriver.execute(AndroidDriver.java:1)
	at org.openqa.selenium.remote.RemoteWebDriver.executeScript(RemoteWebDriver.java:577)
	at com.perfecto.sample.utils.PerfectoUtilities.swipe(PerfectoUtilities.java:263)
	at com.perfecto.sample.steps.StepsBackLog.user_select_apple_I_phone_gold_aroundBody6(StepsBackLog.java:62)
	at com.qmetry.qaf.automation.step.JavaStepReporter.javaTestStep(JavaStepReporter.java:101)
	at com.perfecto.sample.steps.StepsBackLog.user_select_apple_I_phone_gold(StepsBackLog.java:59)
	at com.qmetry.qaf.automation.step.JavaStep.doExecute(JavaStep.java:160)
	at com.qmetry.qaf.automation.step.BaseTestStep.execute(BaseTestStep.java:149)
	at com.qmetry.qaf.automation.step.StringTestStep.execute(StringTestStep.java:134)
	at com.qmetry.qaf.automation.step.client.Scenario.execute(Scenario.java:167)
	at com.qmetry.qaf.automation.step.client.Scenario.scenario(Scenario.java:219)
Caused by: java.lang.RuntimeException: Failed to execute command touch swipe: Error parsing function 'touch swipe', 'duration' must be within range: 0 - 10, actual value was '2000'.
	at com.perfectomobile.selenium.MobileEntity.processCommonResponse(MobileEntity.java:102)
	at com.perfectomobile.selenium.MobileDevice.processResponse(MobileDevice.java:525)
	at com.perfectomobile.selenium.MobileEntity.executeDataCommand(MobileEntity.java:68)
	at com.perfectomobile.selenium.MobileEntity.executeDataCommand(MobileEntity.java:61)
	at com.perfectomobile.selenium.MobileDevice.executeGenericCommand(MobileDevice.java:596)
	at com.perfectomobile.selenium.MobileDevice.executeGenericCommand(MobileDevice.java:55)
	at com.perfectomobile.selenium.server.appium.ExecuteScript.executeGenericCommand(ExecuteScript.java:111)
	at com.perfectomobile.selenium.server.appium.ExecuteScript.executeGenericCommand(ExecuteScript.java:71)
	at com.perfectomobile.selenium.server.appium.ExecuteScript.mobileCall(ExecuteScript.java:40)
	at com.perfectomobile.selenium.server.MobileWebDriverHandler.call(MobileWebDriverHandler.java:23)
	at java.util.concurrent.FutureTask.run(FutureTask.java:266)
	at org.openqa.selenium.remote.server.MobileDefaultSession$1.run(MobileDefaultSession.java:188)
	at java.util.concurrent.ThreadPoolExecutor.runWorker(ThreadPoolExecutor.java:1142)
	at java.util.concurrent.ThreadPoolExecutor$Worker.run(ThreadPoolExecutor.java:617)
	at java.lang.Thread.run(Thread.java:745)
]]>
            </full-stacktrace>
          </exception> <!-- org.openqa.selenium.WebDriverException -->
          <reporter-output>
            <line>
              <![CDATA[<div style="display:block;margin-left:10px;"><div  class="teststeppass"><span class="teststeppass-label">T </span>Given i open application</div><div  class="teststeppass"><span class="teststeppass-label">T </span>When user enter preoduct name to search box</div><div style="display:block;margin-left:10px;"><div  class="info"><span class="info-label">I </span>page open <a href="../img/SampleTest_ebnxi26d3jt020258.png" target="_blank">[View Screenshot]</a> </div></div><div  class="teststeppass"><span class="teststeppass-label">T </span>And user able to see all the list of mobiles</div><div style="display:block;margin-left:10px;"><div  class="info"><span class="info-label">I </span>4 <a href="../img/SampleTest_1bwt9z013k39a20259.png" target="_blank">[View Screenshot]</a> </div><div  class="info"><span class="info-label">I </span>Apple iPhone 6 (Space Grey, 32 GB)</div><div  class="info"><span class="info-label">I </span>Apple iPhone 7 (Black, 32 GB)</div><div  class="info"><span class="info-label">I </span>Apple iPhone 5s (Silver, 16 GB)</div><div  class="info"><span class="info-label">I </span>Apple iPhone 7 (Gold, 32 GB)</div></div><div  class="teststepfail"><span class="teststepfail-label">T </span>And user select apple I phone gold <a href="../img/SampleTest_12eh5y1umlql920260.png" target="_blank">[View Screenshot]</a> </div><div style="display:block;margin-left:10px;"><div  class="fail"><span class="fail-label">F </span>Failed to execute command touch swipe: Error parsing function 'touch swipe', 'duration' must be within range: 0 - 10, actual value was '2000'.
Command duration or timeout: 250 milliseconds
Build info: version: '2.53.0', revision: '35ae25b1534ae328c771e0856c93e187490ca824', time: '2016-03-15 10:43:46'
System info: host: 'ICPL11493', ip: '10.11.31.109', os.name: 'Windows 8', os.arch: 'amd64', os.version: '6.2', java.version: '1.8.0_111'
Driver info: io.appium.java_client.android.AndroidDriver
Capabilities [{appPackage=com.flipkart.android, reportPdfUrl=https://partners.reporting.perfectomobile.com/export/api/v1/test-executions/pdf?externalId[0]=is_user2@infostretch.com_RemoteWebDriver_17-08-08_06_44_02_8034&_timestamp[0]=1502174642967, deviceName=3219D3B1, platform=ANY, password=, driverClass=io.appium.java_client.android.AndroidDriver, automationName=Appium, host=partners.perfectomobile.com, singleTestReportUrl=https://partners.reporting.perfectomobile.com?externalId[0]=is_user2@infostretch.com_RemoteWebDriver_17-08-08_06_44_02_8034&_timestamp[0]=1502174642967, takesScreenshot=true, javascriptEnabled=true, platformName=Android, applicationName=Flipkart, rotatable=true, testGridReportUrl=https://partners.reporting.perfectomobile.com?externalId[0]=is_user2@infostretch.com_RemoteWebDriver_17-08-08_06_44_02_8034&_timestamp[0]=1502174642967, entityType=appium_driver, serverConnector=, securityToken=, executionId=is_user2@infostretch.com_RemoteWebDriver_17-08-08_06_44_02_8034, webdriver.remote.sessionid=87a2e045-dc9c-4baa-8d9d-f400b5a22b1f, autoLaunch=true, locationContextEnabled=true, scriptName=RemoteWebDriver, reportKey=is_user2@infostretch.com_RemoteWebDriver_17-08-08_06_44_02_8034, windTunnelReportUrl=https://partners.reporting.perfectomobile.com?externalId[0]=is_user2@infostretch.com_RemoteWebDriver_17-08-08_06_44_02_8034&_timestamp[0]=1502174642967, user=, cssSelectorsEnabled=true, autoAcceptAlerts=true}]
Session ID: 87a2e045-dc9c-4baa-8d9d-f400b5a22b1f</div></div></div>]]>
            </line>
          </reporter-output>
        </test-method> <!-- SampleTest -->
        <test-method status="PASS" signature="setupMethod(java.lang.reflect.Method, org.testng.ITestContext)[pri:0, instance:com.qmetry.qaf.automation.step.client.Scenario@3e8]" test-instance-name="SampleTest" name="setupMethod" is-config="true" duration-ms="0" started-at="2017-08-08T12:14:01Z" finished-at="2017-08-08T12:14:01Z">
          <params>
            <param index="0">
              <value>
                <![CDATA[public void com.qmetry.qaf.automation.step.client.Scenario.scenario()]]>
              </value>
            </param>
            <param index="1">
              <value>
                <![CDATA[org.testng.TestRunner@57d5872c]]>
              </value>
            </param>
          </params>
          <reporter-output>
          </reporter-output>
        </test-method> <!-- setupMethod -->
        <test-method status="PASS" signature="afterMethod(org.testng.ITestContext, org.testng.ITestResult)[pri:0, instance:com.qmetry.qaf.automation.step.client.Scenario@3e8]" test-instance-name="SampleTest" name="afterMethod" is-config="true" duration-ms="16" started-at="2017-08-08T12:14:45Z" finished-at="2017-08-08T12:14:45Z">
          <params>
            <param index="0">
              <value>
                <![CDATA[org.testng.TestRunner@57d5872c]]>
              </value>
            </param>
            <param index="1">
              <value>
                <![CDATA[[TestResult name=SampleTest status=FAILURE method=scenarios.suite1.bdd.SampleTest()[pri:1000, instance:com.qmetry.qaf.automation.step.client.Scenario@3e8] output=<div style="display:block;margin-left:10px;"><div  class="teststeppass"><span class="teststeppass-label">T </span>Given i open application</div><div  class="teststeppass"><span class="teststeppass-label">T </span>When user enter preoduct name to search box</div><div style="display:block;margin-left:10px;"><div  class="info"><span class="info-label">I </span>page open <a href="../img/SampleTest_ebnxi26d3jt020258.png" target="_blank">[View Screenshot]</a> </div></div><div  class="teststeppass"><span class="teststeppass-label">T </span>And user able to see all the list of mobiles</div><div style="display:block;margin-left:10px;"><div  class="info"><span class="info-label">I </span>4 <a href="../img/SampleTest_1bwt9z013k39a20259.png" target="_blank">[View Screenshot]</a> </div><div  class="info"><span class="info-label">I </span>Apple iPhone 6 (Space Grey, 32 GB)</div><div  class="info"><span class="info-label">I </span>Apple iPhone 7 (Black, 32 GB)</div><div  class="info"><span class="info-label">I </span>Apple iPhone 5s (Silver, 16 GB)</div><div  class="info"><span class="info-label">I </span>Apple iPhone 7 (Gold, 32 GB)</div></div><div  class="teststepfail"><span class="teststepfail-label">T </span>And user select apple I phone gold <a href="../img/SampleTest_12eh5y1umlql920260.png" target="_blank">[View Screenshot]</a> </div><div style="display:block;margin-left:10px;"><div  class="fail"><span class="fail-label">F </span>Failed to execute command touch swipe: Error parsing function 'touch swipe', 'duration' must be within range: 0 - 10, actual value was '2000'.
Command duration or timeout: 250 milliseconds
Build info: version: '2.53.0', revision: '35ae25b1534ae328c771e0856c93e187490ca824', time: '2016-03-15 10:43:46'
System info: host: 'ICPL11493', ip: '10.11.31.109', os.name: 'Windows 8', os.arch: 'amd64', os.version: '6.2', java.version: '1.8.0_111'
Driver info: io.appium.java_client.android.AndroidDriver
Capabilities [{appPackage=com.flipkart.android, reportPdfUrl=https://partners.reporting.perfectomobile.com/export/api/v1/test-executions/pdf?externalId[0]=is_user2@infostretch.com_RemoteWebDriver_17-08-08_06_44_02_8034&_timestamp[0]=1502174642967, deviceName=3219D3B1, platform=ANY, password=, driverClass=io.appium.java_client.android.AndroidDriver, automationName=Appium, host=partners.perfectomobile.com, singleTestReportUrl=https://partners.reporting.perfectomobile.com?externalId[0]=is_user2@infostretch.com_RemoteWebDriver_17-08-08_06_44_02_8034&_timestamp[0]=1502174642967, takesScreenshot=true, javascriptEnabled=true, platformName=Android, applicationName=Flipkart, rotatable=true, testGridReportUrl=https://partners.reporting.perfectomobile.com?externalId[0]=is_user2@infostretch.com_RemoteWebDriver_17-08-08_06_44_02_8034&_timestamp[0]=1502174642967, entityType=appium_driver, serverConnector=, securityToken=, executionId=is_user2@infostretch.com_RemoteWebDriver_17-08-08_06_44_02_8034, webdriver.remote.sessionid=87a2e045-dc9c-4baa-8d9d-f400b5a22b1f, autoLaunch=true, locationContextEnabled=true, scriptName=RemoteWebDriver, reportKey=is_user2@infostretch.com_RemoteWebDriver_17-08-08_06_44_02_8034, windTunnelReportUrl=https://partners.reporting.perfectomobile.com?externalId[0]=is_user2@infostretch.com_RemoteWebDriver_17-08-08_06_44_02_8034&_timestamp[0]=1502174642967, user=, cssSelectorsEnabled=true, autoAcceptAlerts=true}]
Session ID: 87a2e045-dc9c-4baa-8d9d-f400b5a22b1f</div></div></div>]]]>
              </value>
            </param>
          </params>
          <reporter-output>
          </reporter-output>
        </test-method> <!-- afterMethod -->
        <test-method status="PASS" signature="afterTest(org.testng.ITestContext)[pri:0, instance:com.qmetry.qaf.automation.step.client.Scenario@3e8]" test-instance-name="SampleTest" name="afterTest" is-config="true" duration-ms="19674" started-at="2017-08-08T12:14:45Z" finished-at="2017-08-08T12:15:05Z">
          <params>
            <param index="0">
              <value>
                <![CDATA[org.testng.TestRunner@57d5872c]]>
              </value>
            </param>
          </params>
          <reporter-output>
          </reporter-output>
        </test-method> <!-- afterTest -->
        <test-method status="PASS" signature="afterClass(org.testng.ITestContext)[pri:0, instance:com.qmetry.qaf.automation.step.client.Scenario@3e8]" test-instance-name="SampleTest" name="afterClass" is-config="true" duration-ms="0" started-at="2017-08-08T12:14:45Z" finished-at="2017-08-08T12:14:45Z">
          <params>
            <param index="0">
              <value>
                <![CDATA[org.testng.TestRunner@57d5872c]]>
              </value>
            </param>
          </params>
          <reporter-output>
          </reporter-output>
        </test-method> <!-- afterClass -->
        <test-method status="PASS" signature="afterSuit(org.testng.ITestContext)[pri:0, instance:com.qmetry.qaf.automation.step.client.Scenario@3e8]" test-instance-name="SampleTest" name="afterSuit" is-config="true" duration-ms="0" started-at="2017-08-08T12:15:05Z" finished-at="2017-08-08T12:15:05Z">
          <params>
            <param index="0">
              <value>
                <![CDATA[org.testng.TestRunner@57d5872c]]>
              </value>
            </param>
          </params>
          <reporter-output>
          </reporter-output>
        </test-method> <!-- afterSuit -->
      </class> <!-- com.qmetry.qaf.automation.step.client.Scenario -->
    </test> <!-- BDD Test -->
  </suite> <!-- QAS Demo -->
</testng-results>
