13:10:05 scenario.file.loc[Ljava.lang.String;@33f88ab
13:10:05 loading BDD file: D:\Automated Testing\JavaSelenium and Appium\PerfectoTest\.\scenarios\suite1.bdd
13:10:05 total test found: 1
13:10:05 

Executing scenario: SampleTest - Sample Test Scenario
13:10:05 pkg: com.qmetry.qaf.automation.step
13:10:05 pkg: com.perfecto.sample.steps
13:10:05 Found duplicate step to load [] with [lower] prority then []
13:10:05 Invoking Teststep: Given i open application
13:10:27 Completed Teststep: Given i open application
13:10:27 Invoking Teststep: When user enter preoduct name to search box
13:10:39 Completed Teststep: When user enter preoduct name to search box
13:10:39 Invoking Teststep: And user able to see all the list of mobiles
13:10:49 Completed Teststep: And user able to see all the list of mobiles
13:10:49 Invoking Teststep: And user select apple I phone gold
13:11:23 Failure Teststep: And user select apple I phone gold
org.openqa.selenium.TimeoutException: Timed out after 30 seconds: Wait timeout for list of list of mobiles with size 5
Build info: version: '2.53.0', revision: '35ae25b1534ae328c771e0856c93e187490ca824', time: '2016-03-15 10:43:46'
System info: host: 'ICPL11493', ip: '10.11.31.109', os.name: 'Windows 8', os.arch: 'amd64', os.version: '6.2', java.version: '1.8.0_111'
Driver info: driver.version: unknown
	at org.openqa.selenium.support.ui.FluentWait.timeoutException(FluentWait.java:292)
	at org.openqa.selenium.support.ui.FluentWait.until(FluentWait.java:261)
	at com.qmetry.qaf.automation.ui.webdriver.ComponentListHandler.invoke(ComponentListHandler.java:83)
	at com.sun.proxy.$Proxy27.get(Unknown Source)
	at com.perfecto.sample.steps.StepsBackLog.user_select_apple_I_phone_gold_aroundBody6(StepsBackLog.java:62)
	at com.perfecto.sample.steps.StepsBackLog$AjcClosure7.run(StepsBackLog.java:1)
	at org.aspectj.runtime.reflect.JoinPointImpl.proceed(JoinPointImpl.java:149)
	at com.qmetry.qaf.automation.step.JavaStepReporter.javaTestStep(JavaStepReporter.java:101)
	at com.perfecto.sample.steps.StepsBackLog.user_select_apple_I_phone_gold(StepsBackLog.java:60)
	at sun.reflect.NativeMethodAccessorImpl.invoke0(Native Method)
	at sun.reflect.NativeMethodAccessorImpl.invoke(Unknown Source)
	at sun.reflect.DelegatingMethodAccessorImpl.invoke(Unknown Source)
	at java.lang.reflect.Method.invoke(Unknown Source)
	at com.qmetry.qaf.automation.step.JavaStep.doExecute(JavaStep.java:160)
	at com.qmetry.qaf.automation.step.BaseTestStep.execute(BaseTestStep.java:149)
	at com.qmetry.qaf.automation.step.StringTestStep.execute(StringTestStep.java:134)
	at com.qmetry.qaf.automation.step.client.Scenario.execute(Scenario.java:167)
	at com.qmetry.qaf.automation.step.client.Scenario.scenario(Scenario.java:219)
	at sun.reflect.NativeMethodAccessorImpl.invoke0(Native Method)
	at sun.reflect.NativeMethodAccessorImpl.invoke(Unknown Source)
	at sun.reflect.DelegatingMethodAccessorImpl.invoke(Unknown Source)
	at java.lang.reflect.Method.invoke(Unknown Source)
	at org.testng.internal.MethodInvocationHelper.invokeMethod(MethodInvocationHelper.java:104)
	at org.testng.internal.Invoker.invokeMethod(Invoker.java:645)
	at org.testng.internal.Invoker.invokeTestMethod(Invoker.java:851)
	at org.testng.internal.Invoker.invokeTestMethods(Invoker.java:1177)
	at org.testng.internal.TestMethodWorker.invokeTestMethods(TestMethodWorker.java:129)
	at org.testng.internal.TestMethodWorker.run(TestMethodWorker.java:112)
	at org.testng.TestRunner.privateRun(TestRunner.java:781)
	at org.testng.TestRunner.run(TestRunner.java:635)
	at org.testng.SuiteRunner.runTest(SuiteRunner.java:387)
	at org.testng.SuiteRunner.runSequentially(SuiteRunner.java:382)
	at org.testng.SuiteRunner.privateRun(SuiteRunner.java:340)
	at org.testng.SuiteRunner.run(SuiteRunner.java:289)
	at org.testng.SuiteRunnerWorker.runSuite(SuiteRunnerWorker.java:52)
	at org.testng.SuiteRunnerWorker.run(SuiteRunnerWorker.java:86)
	at org.testng.TestNG.runSuitesSequentially(TestNG.java:1293)
	at org.testng.TestNG.runSuitesLocally(TestNG.java:1218)
	at org.testng.TestNG.runSuites(TestNG.java:1133)
	at org.testng.TestNG.run(TestNG.java:1104)
	at org.testng.TestNG.privateMain(TestNG.java:1434)
	at org.testng.TestNG.main(TestNG.java:1403)
13:11:23 Completed Teststep: And user select apple I phone gold
13:11:23 Competed scenario: SampleTest with status FAILURE
