<?xml version="1.0" encoding="UTF-8"?>
<testng-results skipped="0" failed="1" ignored="0" total="1" passed="0">
  <reporter-output>
    <line>
      <![CDATA[<div style="display:block;margin-left:10px;"><div  class="teststeppass"><span class="teststeppass-label">T </span>Given i open application</div><div  class="teststepfail"><span class="teststepfail-label">T </span>When user enter preoduct name to search box <a href="../img/SampleTest_15w9fo9e5orlw54075.png" target="_blank">[View Screenshot]</a> </div><div style="display:block;margin-left:10px;"><div  class="fail"><span class="fail-label">F </span>Timed out after 30 seconds: Wait time out for search item to be present
Build info: version: '2.53.0', revision: '35ae25b1534ae328c771e0856c93e187490ca824', time: '2016-03-15 10:43:46'
System info: host: 'ICPL11493', ip: '10.11.31.109', os.name: 'Windows 8', os.arch: 'amd64', os.version: '6.2', java.version: '1.8.0_111'
Driver info: driver.version: unknown</div></div><div  class="teststep"><span class="teststep-label">T </span>And user able to see all the list of mobiles</div><div  class="teststep"><span class="teststep-label">T </span>And user select apple I phone gold</div><div  class="teststep"><span class="teststep-label">T </span>And user Add the product to the cart</div><div  class="teststep"><span class="teststep-label">T </span>Then verify product is added to the cart</div><div  class="teststep"><span class="teststep-label">T </span>When user remove the product</div><div  class="teststep"><span class="teststep-label">T </span>Then verify the cart is empty and product remove sucessfully</div><div  class="teststep"><span class="teststep-label">T </span>And user close Application sucessfully</div></div>]]>
    </line>
  </reporter-output>
  <suite name="QAS Demo" duration-ms="72905" started-at="2017-08-08T12:18:23Z" finished-at="2017-08-08T12:19:36Z">
    <groups>
      <group name="SMOKE">
        <method signature="scenarios.suite1.bdd.SampleTest()[pri:1000, instance:com.qmetry.qaf.automation.step.client.Scenario@3e8]" name="SampleTest" class="com.qmetry.qaf.automation.step.client.Scenario"/>
      </group> <!-- SMOKE -->
    </groups>
    <test name="BDD Test" duration-ms="72905" started-at="2017-08-08T12:18:23Z" finished-at="2017-08-08T12:19:36Z">
      <class name="com.qmetry.qaf.automation.step.client.Scenario">
        <test-method status="PASS" signature="setupSuit(org.testng.ITestContext)[pri:0, instance:com.qmetry.qaf.automation.step.client.Scenario@3e8]" test-instance-name="SampleTest" name="setupSuit" is-config="true" duration-ms="15" started-at="2017-08-08T17:48:23Z" finished-at="2017-08-08T17:48:23Z">
          <params>
            <param index="0">
              <value>
                <![CDATA[org.testng.TestRunner@57d5872c]]>
              </value>
            </param>
          </params>
          <reporter-output>
          </reporter-output>
        </test-method> <!-- setupSuit -->
        <test-method status="PASS" signature="setupTest(org.testng.ITestContext)[pri:0, instance:com.qmetry.qaf.automation.step.client.Scenario@3e8]" test-instance-name="SampleTest" name="setupTest" is-config="true" duration-ms="16" started-at="2017-08-08T17:48:23Z" finished-at="2017-08-08T17:48:23Z">
          <params>
            <param index="0">
              <value>
                <![CDATA[org.testng.TestRunner@57d5872c]]>
              </value>
            </param>
          </params>
          <reporter-output>
          </reporter-output>
        </test-method> <!-- setupTest -->
        <test-method status="PASS" signature="setup(org.testng.ITestContext)[pri:0, instance:com.qmetry.qaf.automation.step.client.Scenario@3e8]" test-instance-name="SampleTest" name="setup" is-config="true" duration-ms="0" started-at="2017-08-08T17:48:23Z" finished-at="2017-08-08T17:48:23Z">
          <params>
            <param index="0">
              <value>
                <![CDATA[org.testng.TestRunner@57d5872c]]>
              </value>
            </param>
          </params>
          <reporter-output>
          </reporter-output>
        </test-method> <!-- setup -->
        <test-method status="PASS" signature="setupMethod(java.lang.reflect.Method, org.testng.ITestContext)[pri:0, instance:com.qmetry.qaf.automation.step.client.Scenario@3e8]" test-instance-name="SampleTest" name="setupMethod" is-config="true" duration-ms="15" started-at="2017-08-08T17:48:23Z" finished-at="2017-08-08T17:48:23Z">
          <params>
            <param index="0">
              <value>
                <![CDATA[public void com.qmetry.qaf.automation.step.client.Scenario.scenario()]]>
              </value>
            </param>
            <param index="1">
              <value>
                <![CDATA[org.testng.TestRunner@57d5872c]]>
              </value>
            </param>
          </params>
          <reporter-output>
          </reporter-output>
        </test-method> <!-- setupMethod -->
        <test-method status="FAIL" signature="SampleTest()[pri:1000, instance:com.qmetry.qaf.automation.step.client.Scenario@3e8]" test-instance-name="SampleTest" name="SampleTest" duration-ms="47542" started-at="2017-08-08T17:48:23Z" description="Sample Test Scenario" finished-at="2017-08-08T17:49:10Z">
          <exception class="org.openqa.selenium.TimeoutException">
            <message>
              <![CDATA[Timed out after 30 seconds: Wait time out for search item to be present
Build info: version: '2.53.0', revision: '35ae25b1534ae328c771e0856c93e187490ca824', time: '2016-03-15 10:43:46'
System info: host: 'ICPL11493', ip: '10.11.31.109', os.name: 'Windows 8', os.arch: 'amd64', os.version: '6.2', java.version: '1.8.0_111'
Driver info: driver.version: unknown]]>
            </message>
            <full-stacktrace>
              <![CDATA[org.openqa.selenium.TimeoutException: Timed out after 30 seconds: Wait time out for search item to be present
Build info: version: '2.53.0', revision: '35ae25b1534ae328c771e0856c93e187490ca824', time: '2016-03-15 10:43:46'
System info: host: 'ICPL11493', ip: '10.11.31.109', os.name: 'Windows 8', os.arch: 'amd64', os.version: '6.2', java.version: '1.8.0_111'
Driver info: driver.version: unknown
	at .When user enter preoduct name to search box(scenarios/suite1.bdd:7)
	at org.openqa.selenium.support.ui.FluentWait.timeoutException(FluentWait.java:292)
	at org.openqa.selenium.support.ui.FluentWait.until(FluentWait.java:261)
	at com.qmetry.qaf.automation.ui.webdriver.QAFExtendedWebElement.waitForPresent(QAFExtendedWebElement.java:499)
	at com.perfecto.sample.steps.StepsBackLog.enter_preoduct_name_to_search_box_aroundBody2(StepsBackLog.java:33)
	at com.qmetry.qaf.automation.step.JavaStepReporter.javaTestStep(JavaStepReporter.java:101)
	at com.perfecto.sample.steps.StepsBackLog.enter_preoduct_name_to_search_box(StepsBackLog.java:32)
	at com.qmetry.qaf.automation.step.JavaStep.doExecute(JavaStep.java:160)
	at com.qmetry.qaf.automation.step.BaseTestStep.execute(BaseTestStep.java:149)
	at com.qmetry.qaf.automation.step.StringTestStep.execute(StringTestStep.java:134)
	at com.qmetry.qaf.automation.step.client.Scenario.execute(Scenario.java:167)
	at com.qmetry.qaf.automation.step.client.Scenario.scenario(Scenario.java:219)
]]>
            </full-stacktrace>
          </exception> <!-- org.openqa.selenium.TimeoutException -->
          <reporter-output>
            <line>
              <![CDATA[<div style="display:block;margin-left:10px;"><div  class="teststeppass"><span class="teststeppass-label">T </span>Given i open application</div><div  class="teststepfail"><span class="teststepfail-label">T </span>When user enter preoduct name to search box <a href="../img/SampleTest_15w9fo9e5orlw54075.png" target="_blank">[View Screenshot]</a> </div><div style="display:block;margin-left:10px;"><div  class="fail"><span class="fail-label">F </span>Timed out after 30 seconds: Wait time out for search item to be present
Build info: version: '2.53.0', revision: '35ae25b1534ae328c771e0856c93e187490ca824', time: '2016-03-15 10:43:46'
System info: host: 'ICPL11493', ip: '10.11.31.109', os.name: 'Windows 8', os.arch: 'amd64', os.version: '6.2', java.version: '1.8.0_111'
Driver info: driver.version: unknown</div></div><div  class="teststep"><span class="teststep-label">T </span>And user able to see all the list of mobiles</div><div  class="teststep"><span class="teststep-label">T </span>And user select apple I phone gold</div><div  class="teststep"><span class="teststep-label">T </span>And user Add the product to the cart</div><div  class="teststep"><span class="teststep-label">T </span>Then verify product is added to the cart</div><div  class="teststep"><span class="teststep-label">T </span>When user remove the product</div><div  class="teststep"><span class="teststep-label">T </span>Then verify the cart is empty and product remove sucessfully</div><div  class="teststep"><span class="teststep-label">T </span>And user close Application sucessfully</div></div>]]>
            </line>
          </reporter-output>
        </test-method> <!-- SampleTest -->
        <test-method status="PASS" signature="afterMethod(org.testng.ITestContext, org.testng.ITestResult)[pri:0, instance:com.qmetry.qaf.automation.step.client.Scenario@3e8]" test-instance-name="SampleTest" name="afterMethod" is-config="true" duration-ms="0" started-at="2017-08-08T17:49:16Z" finished-at="2017-08-08T17:49:16Z">
          <params>
            <param index="0">
              <value>
                <![CDATA[org.testng.TestRunner@57d5872c]]>
              </value>
            </param>
            <param index="1">
              <value>
                <![CDATA[[TestResult name=SampleTest status=FAILURE method=scenarios.suite1.bdd.SampleTest()[pri:1000, instance:com.qmetry.qaf.automation.step.client.Scenario@3e8] output=<div style="display:block;margin-left:10px;"><div  class="teststeppass"><span class="teststeppass-label">T </span>Given i open application</div><div  class="teststepfail"><span class="teststepfail-label">T </span>When user enter preoduct name to search box <a href="../img/SampleTest_15w9fo9e5orlw54075.png" target="_blank">[View Screenshot]</a> </div><div style="display:block;margin-left:10px;"><div  class="fail"><span class="fail-label">F </span>Timed out after 30 seconds: Wait time out for search item to be present
Build info: version: '2.53.0', revision: '35ae25b1534ae328c771e0856c93e187490ca824', time: '2016-03-15 10:43:46'
System info: host: 'ICPL11493', ip: '10.11.31.109', os.name: 'Windows 8', os.arch: 'amd64', os.version: '6.2', java.version: '1.8.0_111'
Driver info: driver.version: unknown</div></div><div  class="teststep"><span class="teststep-label">T </span>And user able to see all the list of mobiles</div><div  class="teststep"><span class="teststep-label">T </span>And user select apple I phone gold</div><div  class="teststep"><span class="teststep-label">T </span>And user Add the product to the cart</div><div  class="teststep"><span class="teststep-label">T </span>Then verify product is added to the cart</div><div  class="teststep"><span class="teststep-label">T </span>When user remove the product</div><div  class="teststep"><span class="teststep-label">T </span>Then verify the cart is empty and product remove sucessfully</div><div  class="teststep"><span class="teststep-label">T </span>And user close Application sucessfully</div></div>]]]>
              </value>
            </param>
          </params>
          <reporter-output>
          </reporter-output>
        </test-method> <!-- afterMethod -->
        <test-method status="PASS" signature="afterClass(org.testng.ITestContext)[pri:0, instance:com.qmetry.qaf.automation.step.client.Scenario@3e8]" test-instance-name="SampleTest" name="afterClass" is-config="true" duration-ms="0" started-at="2017-08-08T17:49:16Z" finished-at="2017-08-08T17:49:16Z">
          <params>
            <param index="0">
              <value>
                <![CDATA[org.testng.TestRunner@57d5872c]]>
              </value>
            </param>
          </params>
          <reporter-output>
          </reporter-output>
        </test-method> <!-- afterClass -->
        <test-method status="PASS" signature="afterTest(org.testng.ITestContext)[pri:0, instance:com.qmetry.qaf.automation.step.client.Scenario@3e8]" test-instance-name="SampleTest" name="afterTest" is-config="true" duration-ms="19485" started-at="2017-08-08T17:49:16Z" finished-at="2017-08-08T17:49:36Z">
          <params>
            <param index="0">
              <value>
                <![CDATA[org.testng.TestRunner@57d5872c]]>
              </value>
            </param>
          </params>
          <reporter-output>
          </reporter-output>
        </test-method> <!-- afterTest -->
        <test-method status="PASS" signature="afterSuit(org.testng.ITestContext)[pri:0, instance:com.qmetry.qaf.automation.step.client.Scenario@3e8]" test-instance-name="SampleTest" name="afterSuit" is-config="true" duration-ms="0" started-at="2017-08-08T17:49:36Z" finished-at="2017-08-08T17:49:36Z">
          <params>
            <param index="0">
              <value>
                <![CDATA[org.testng.TestRunner@57d5872c]]>
              </value>
            </param>
          </params>
          <reporter-output>
          </reporter-output>
        </test-method> <!-- afterSuit -->
      </class> <!-- com.qmetry.qaf.automation.step.client.Scenario -->
    </test> <!-- BDD Test -->
  </suite> <!-- QAS Demo -->
</testng-results>
